STDOUT:
boogie_translated/13.bpl(15,1): Error: this invariant could not be proved to be maintained by the loop
Execution trace:
    boogie_translated/13.bpl(8,1): anon0
    boogie_translated/13.bpl(13,1): anon4_LoopHead
    boogie_translated/13.bpl(19,3): anon4_LoopBody
boogie_translated/13.bpl(16,1): Error: this invariant could not be proved to be maintained by the loop
Execution trace:
    boogie_translated/13.bpl(8,1): anon0
    boogie_translated/13.bpl(13,1): anon4_LoopHead
    boogie_translated/13.bpl(19,3): anon4_LoopBody
boogie_translated/13.bpl(17,1): Error: this loop invariant could not be proved on entry
Execution trace:
    boogie_translated/13.bpl(8,1): anon0
boogie_translated/13.bpl(23,1): Error: this assertion could not be proved
Execution trace:
    boogie_translated/13.bpl(8,1): anon0
    boogie_translated/13.bpl(13,1): anon4_LoopHead
    boogie_translated/13.bpl(13,1): anon4_LoopDone
    boogie_translated/13.bpl(23,1): anon5_Then

Boogie program verifier finished with 0 verified, 4 errors


STDERR:
