STDOUT:
boogie_translated/93.bpl(17,1): Error: this invariant could not be proved to be maintained by the loop
Execution trace:
    boogie_translated/93.bpl(7,1): anon0
    boogie_translated/93.bpl(11,1): anon5_LoopHead
    boogie_translated/93.bpl(20,3): anon5_LoopBody
    boogie_translated/93.bpl(23,3): anon6_Then
boogie_translated/93.bpl(17,1): Error: this invariant could not be proved to be maintained by the loop
Execution trace:
    boogie_translated/93.bpl(7,1): anon0
    boogie_translated/93.bpl(11,1): anon5_LoopHead
    boogie_translated/93.bpl(20,3): anon5_LoopBody
    boogie_translated/93.bpl(26,3): anon6_Else
boogie_translated/93.bpl(18,1): Error: this invariant could not be proved to be maintained by the loop
Execution trace:
    boogie_translated/93.bpl(7,1): anon0
    boogie_translated/93.bpl(11,1): anon5_LoopHead
    boogie_translated/93.bpl(20,3): anon5_LoopBody
    boogie_translated/93.bpl(23,3): anon6_Then
boogie_translated/93.bpl(18,1): Error: this invariant could not be proved to be maintained by the loop
Execution trace:
    boogie_translated/93.bpl(7,1): anon0
    boogie_translated/93.bpl(11,1): anon5_LoopHead
    boogie_translated/93.bpl(20,3): anon5_LoopBody
    boogie_translated/93.bpl(26,3): anon6_Else

Boogie program verifier finished with 0 verified, 4 errors


STDERR:
