STDOUT:
boogie_fixed/47.bpl(15,9): Error: this invariant could not be proved to be maintained by the loop
Execution trace:
    boogie_fixed/47.bpl(9,12): anon0
    boogie_fixed/47.bpl(13,9): anon9_LoopHead
    boogie_fixed/47.bpl(18,13): anon9_LoopBody
    boogie_fixed/47.bpl(20,17): anon10_Then
    boogie_fixed/47.bpl(21,24): anon11_Then
boogie_fixed/47.bpl(16,9): Error: this invariant could not be proved to be maintained by the loop
Execution trace:
    boogie_fixed/47.bpl(9,12): anon0
    boogie_fixed/47.bpl(13,9): anon9_LoopHead
    boogie_fixed/47.bpl(18,13): anon9_LoopBody
    boogie_fixed/47.bpl(20,17): anon10_Then
    boogie_fixed/47.bpl(20,17): anon11_Else
boogie_fixed/47.bpl(16,9): Error: this invariant could not be proved to be maintained by the loop
Execution trace:
    boogie_fixed/47.bpl(9,12): anon0
    boogie_fixed/47.bpl(13,9): anon9_LoopHead
    boogie_fixed/47.bpl(18,13): anon9_LoopBody
    boogie_fixed/47.bpl(20,17): anon10_Then
    boogie_fixed/47.bpl(21,24): anon11_Then

Boogie program verifier finished with 0 verified, 3 errors


STDERR:
