STDOUT:
boogie_fixed/70.bpl(16,9): Error: this loop invariant could not be proved on entry
Execution trace:
    boogie_fixed/70.bpl(11,12): anon0
boogie_fixed/70.bpl(17,9): Error: this loop invariant could not be proved on entry
Execution trace:
    boogie_fixed/70.bpl(11,12): anon0
boogie_fixed/70.bpl(17,9): Error: this invariant could not be proved to be maintained by the loop
Execution trace:
    boogie_fixed/70.bpl(11,12): anon0
    boogie_fixed/70.bpl(14,9): anon4_LoopHead
    boogie_fixed/70.bpl(19,16): anon4_LoopBody
boogie_fixed/70.bpl(26,13): Error: this assertion could not be proved
Execution trace:
    boogie_fixed/70.bpl(11,12): anon0
    boogie_fixed/70.bpl(14,9): anon4_LoopHead
    boogie_fixed/70.bpl(14,9): anon4_LoopDone
    boogie_fixed/70.bpl(26,13): anon5_Then

Boogie program verifier finished with 0 verified, 4 errors


STDERR:
