STDOUT:
sat
(
  (define-fun inv ((x!0 Int) (x!1 Int)) Bool
    (>= x!0 0))
)
(error "line 12 column 0: invalid command, '(' expected")
(error "line 14 column 9: invalid command, symbol expected")
(error "line 14 column 11: unexpected character")
unsupported
(error "line 23 column 3: invalid command, '(' expected")
(error "line 23 column 10: invalid command, symbol expected")
unsupported
(error "line 25 column 20: unexpected character")
(error "line 26 column 4: unexpected character")
unsupported
(error "line 27 column 23: unexpected character")
(error "line 28 column 13: invalid command, symbol expected")
(error "line 29 column 8: unexpected character")
unsupported
(error "line 31 column 9: unexpected character")
(error "line 32 column 6: unexpected character")
(error "line 32 column 13: unexpected character")
(error "line 33 column 13: invalid command, symbol expected")
(error "line 34 column 8: unexpected character")
unsupported
(error "line 36 column 9: unexpected character")
(error "line 37 column 6: unexpected character")
(error "line 39 column 4: unexpected character")
(error "line 41 column 2: unexpected character")
(error "line 43 column 5: invalid command, symbol expected")
(error "line 44 column 5: invalid command, symbol expected")
(error "line 45 column 8: invalid command, symbol expected")
(error "line 47 column 0: unexpected character")
(error "line 50 column 15: invalid command, symbol expected")
(error "line 51 column 0: unexpected character")
unsupported
(error "line 58 column 1: invalid command, '(' expected")
unsupported
(error "line 61 column 0: invalid command, '(' expected")
(error "line 62 column 1: unexpected character")
unsupported
(error "line 64 column 13: unexpected character")
unsupported
(error "line 65 column 12: unexpected character")
(error "line 67 column 1: unexpected character")
(error "line 68 column 0: unexpected character")
(error "line 68 column 7: unexpected character")
unsupported
(error "line 69 column 12: unexpected character")
(error "line 71 column 1: unexpected character")
(error "line 72 column 0: unexpected character")
(error "line 73 column 0: unexpected character")
unsupported
(error "line 75 column 11: unexpected character")
unsupported
(error "line 76 column 11: unexpected character")
unsupported
(error "line 78 column 1: unexpected character")
(error "line 79 column 0: unexpected character")
(error "line 80 column 0: unexpected character")


STDERR:
; c line: 22 position: 8
; unknown line: 25 position: 18
; unknown line: 27 position: 21
; c line: 30 position: 21
; c line: 35 position: 15
; n line: 57 position: 13
; nondet line: 60 position: 14
; nondet line: 64 position: 11
; c line: 65 position: 10
; c line: 69 position: 10
; c line: 75 position: 9
; c line: 76 position: 9
; c line: 77 position: 13
