STDOUT:
Boogie program verifier version 2.4.1.10503, Copyright (c) 2003-2014, Microsoft.
Prover error: line 18 column 28: unknown parameter 'model_compress'
Legal parameters are:
  auto_config (bool) (default: true)
  debug_ref_count (bool) (default: false)
  dot_proof_file (string) (default: proof.dot)
  dump_models (bool) (default: false)
  memory_high_watermark (unsigned int) (default: 0)
  memory_max_alloc_count (unsigned int) (default: 0)
  memory_max_size (unsigned int) (default: 0)
  model (bool) (default: true)
  model_validate (bool) (default: false)
  proof (bool) (default: false)
  rlimit (unsigned int) (default: 0)
  smtlib2_compliant (bool) (default: false)
  stats (bool) (default: false)
  timeout (unsigned int) (default: 4294967295)
  trace (bool) (default: false)
  trace_file_name (string) (default: z3.log)
  type_check (bool) (default: true)
  unsat_core (bool) (default: false)
  verbose (unsigned int) (default: 0)
  warning (bool) (default: true)
  well_sorted_check (bool) (default: false)
boogie_fixed2/67.bpl(13,9): Error BP5004: This loop invariant might not hold on entry.
Execution trace:
    boogie_fixed2/67.bpl(8,11): anon0
boogie_fixed2/67.bpl(13,9): Error BP5005: This loop invariant might not be maintained by the loop.
Execution trace:
    boogie_fixed2/67.bpl(8,11): anon0
    boogie_fixed2/67.bpl(11,9): anon4_LoopHead
    boogie_fixed2/67.bpl(16,15): anon4_LoopBody
boogie_fixed2/67.bpl(14,9): Error BP5004: This loop invariant might not hold on entry.
Execution trace:
    boogie_fixed2/67.bpl(8,11): anon0
boogie_fixed2/67.bpl(22,13): Error BP5001: This assertion might not hold.
Execution trace:
    boogie_fixed2/67.bpl(8,11): anon0
    boogie_fixed2/67.bpl(11,9): anon4_LoopHead
    boogie_fixed2/67.bpl(11,9): anon4_LoopDone
    boogie_fixed2/67.bpl(22,13): anon5_Then

Boogie program verifier finished with 0 verified, 4 errors


STDERR:
