STDOUT:
sat
(
  (define-fun inv ((x!0 Int) (x!1 Int)) Bool
    (let ((a!1 (not (>= (+ x!1 (* (- 1) x!0)) 20)))
          (a!2 (not (>= (+ x!1 (* (- 1) x!0)) 6)))
          (a!3 (not (>= (+ x!1 (* (- 1) x!0)) 3))))
      (and (or (not (<= x!0 13)) (not (<= x!1 13)))
           (not (>= x!1 21))
           (or (not (>= x!0 3)) (not (>= x!1 20)))
           (or (not (>= x!0 5)) (not (>= x!1 19)))
           (or (not (>= x!0 7)) (not (>= x!1 18)))
           (or (not (>= x!0 9)) (not (>= x!1 17)))
           (or (not (>= x!0 11)) (not (>= x!1 16)))
           (or (not (>= x!0 13)) (not (>= x!1 15)))
           (or (not (>= x!0 15)) (not (>= x!1 14)))
           (not (<= x!1 12))
           a!1
           (or (not (<= x!0 1)) (not (<= x!1 19)))
           (or (not (<= x!0 3)) (not (<= x!1 18)))
           (or (not (<= x!0 5)) (not (<= x!1 17)))
           (or (not (<= x!0 7)) (not (<= x!1 16)))
           (or (not (<= x!1 15)) a!2)
           (or (not (<= x!1 14)) a!3))))
)


STDERR:
