STDOUT:
(error "line 7 column 35: unknown constant inv (Int Int Int Int Int Int) 
declared: (declare-fun inv (Int Int Int Int Int) Bool) ")
(error "line 10 column 75: unexpected character")
(error "line 10 column 85: unexpected character")
(error "line 10 column 95: unexpected character")
(error "line 12 column 23: unexpected character")
(error "line 12 column 41: unexpected character")
(error "line 12 column 59: unexpected character")
(error "line 13 column 29: unexpected character")
(error "line 13 column 33: unexpected character")
(error "line 13 column 37: unexpected character")
(error "line 17 column 40: unknown constant inv (Int Int Int Int Int Int) 
declared: (declare-fun inv (Int Int Int Int Int) Bool) ")
sat
(
  (define-fun inv ((x!0 Int) (x!1 Int) (x!2 Int) (x!3 Int) (x!4 Int)) Bool
    false)
)


STDERR:
