STDOUT:
unsat
(error "line 22 column 10: model is not available")
(error "line 24 column 15: invalid command, symbol expected")
(error "line 25 column 0: unexpected character")
unsupported
(error "line 31 column 3: invalid command, '(' expected")
unsupported
(error "line 34 column 2: invalid command, '(' expected")
(error "line 35 column 3: unexpected character")
unsupported
(error "line 38 column 18: unexpected character")
unsupported
(error "line 39 column 19: unexpected character")
(error "line 41 column 7: unexpected character")
(error "line 42 column 4: unexpected character")
(error "line 42 column 11: unexpected character")
unsupported
(error "line 43 column 19: unexpected character")
(error "line 45 column 7: unexpected character")
(error "line 46 column 4: unexpected character")
(error "line 47 column 2: unexpected character")
unsupported
(error "line 49 column 23: unexpected character")
unsupported
(error "line 51 column 3: unexpected character")
(error "line 52 column 0: unexpected character")


STDERR:
; c line: 30 position: 14
; nondet line: 33 position: 16
; nondet2 line: 38 position: 16
; c line: 39 position: 17
; c line: 43 position: 17
; c line: 49 position: 21
; c line: 50 position: 18
