STDOUT:
sat
(
  (define-fun inv ((x!0 Int) (x!1 Int) (x!2 Int)) Bool
    (let ((a!1 (not (>= (+ x!2 (* (- 1) x!0)) 0))))
      (and (or (not (>= x!1 2)) (>= x!2 0)) (or (not (>= x!1 2)) a!1))))
)
(error "line 20 column 0: invalid command, '(' expected")
(error "line 22 column 15: invalid command, symbol expected")
(error "line 23 column 0: unexpected character")
unsupported
(error "line 30 column 2: invalid command, '(' expected")
(error "line 31 column 3: unexpected character")
(error "line 34 column 3: unexpected character")
unsupported
(error "line 36 column 13: unexpected character")
unsupported
(error "line 38 column 5: invalid command, '(' expected")
unsupported
(error "line 39 column 3: unexpected character")
(error "line 40 column 0: unexpected character")


STDERR:
; x line: 29 position: 16
; n line: 36 position: 11
; y line: 37 position: 19
; y line: 38 position: 17
