STDOUT:
Boogie program verifier version 2.4.1.10503, Copyright (c) 2003-2014, Microsoft.
Prover error: line 18 column 28: unknown parameter 'model_compress'
Legal parameters are:
  auto_config (bool) (default: true)
  debug_ref_count (bool) (default: false)
  dot_proof_file (string) (default: proof.dot)
  dump_models (bool) (default: false)
  memory_high_watermark (unsigned int) (default: 0)
  memory_max_alloc_count (unsigned int) (default: 0)
  memory_max_size (unsigned int) (default: 0)
  model (bool) (default: true)
  model_validate (bool) (default: false)
  proof (bool) (default: false)
  rlimit (unsigned int) (default: 0)
  smtlib2_compliant (bool) (default: false)
  stats (bool) (default: false)
  timeout (unsigned int) (default: 4294967295)
  trace (bool) (default: false)
  trace_file_name (string) (default: z3.log)
  type_check (bool) (default: true)
  unsat_core (bool) (default: false)
  verbose (unsigned int) (default: 0)
  warning (bool) (default: true)
  well_sorted_check (bool) (default: false)
boogie/72.bpl(33,13): Error BP5001: This assertion might not hold.
Execution trace:
    boogie/72.bpl(9,11): anon0
    boogie/72.bpl(15,9): anon7_LoopHead
    boogie/72.bpl(21,13): anon7_LoopBody
    boogie/72.bpl(23,17): anon8_Then
    boogie/72.bpl(33,13): anon10_Then

Boogie program verifier finished with 0 verified, 1 error


STDERR:
