STDOUT:
boogie_fixed/11.bpl(19,9): Error: this invariant could not be proved to be maintained by the loop
Execution trace:
    boogie_fixed/11.bpl(11,9): anon0
    boogie_fixed/11.bpl(17,9): anon4_LoopHead
    boogie_fixed/11.bpl(24,13): anon4_LoopBody
boogie_fixed/11.bpl(21,9): Error: this invariant could not be proved to be maintained by the loop
Execution trace:
    boogie_fixed/11.bpl(11,9): anon0
    boogie_fixed/11.bpl(17,9): anon4_LoopHead
    boogie_fixed/11.bpl(24,13): anon4_LoopBody
boogie_fixed/11.bpl(22,9): Error: this loop invariant could not be proved on entry
Execution trace:
    boogie_fixed/11.bpl(11,9): anon0
boogie_fixed/11.bpl(31,13): Error: this assertion could not be proved
Execution trace:
    boogie_fixed/11.bpl(11,9): anon0
    boogie_fixed/11.bpl(17,9): anon4_LoopHead
    boogie_fixed/11.bpl(17,9): anon4_LoopDone
    boogie_fixed/11.bpl(31,13): anon5_Then

Boogie program verifier finished with 0 verified, 4 errors


STDERR:
