STDOUT:
(error "line 8 column 105: invalid function application, arguments missing")
sat
(
  (define-fun inv ((x!0 Int) (x!1 Int) (x!2 Int) (x!3 Int)) Bool
    (and (= x!0 1) (= x!1 1) (= x!3 1)))
)
(error "line 17 column 1: invalid command, '(' expected")
(error "line 17 column 16: invalid command, symbol expected")
(error "line 18 column 0: unexpected character")
unsupported
(error "line 29 column 2: invalid command, '(' expected")
(error "line 30 column 3: unexpected character")
unsupported
(error "line 32 column 17: unexpected character")
(error "line 34 column 5: unexpected character")
(error "line 36 column 3: unexpected character")
unsupported
(error "line 38 column 13: unexpected character")
unsupported
(error "line 40 column 5: invalid command, '(' expected")
unsupported
(error "line 41 column 3: unexpected character")
(error "line 42 column 0: unexpected character")


STDERR:
; x line: 28 position: 15
; nondet line: 32 position: 15
; n line: 38 position: 11
; m line: 39 position: 16
; m line: 40 position: 20
