STDOUT:
sat
(
  (define-fun inv ((x!0 Int) (x!1 Int)) Bool
    (not (>= (+ x!0 (* (- 1) x!1)) 0)))
)
(error "line 18 column 0: invalid command, '(' expected")
(error "line 18 column 15: invalid command, symbol expected")
(error "line 19 column 0: unexpected character")
unsupported
(error "line 27 column 3: invalid command, '(' expected")
unsupported
(error "line 30 column 2: invalid command, '(' expected")
(error "line 31 column 3: unexpected character")
unsupported
(error "line 34 column 18: unexpected character")
unsupported
(error "line 35 column 17: unexpected character")
(error "line 37 column 7: unexpected character")
(error "line 38 column 4: unexpected character")
(error "line 38 column 11: unexpected character")
unsupported
(error "line 39 column 18: unexpected character")
(error "line 41 column 7: unexpected character")
(error "line 42 column 4: unexpected character")
(error "line 43 column 2: unexpected character")
unsupported
(error "line 45 column 14: unexpected character")
unsupported
(error "line 47 column 3: unexpected character")
(error "line 48 column 0: unexpected character")


STDERR:
; n line: 26 position: 15
; nondet line: 29 position: 16
; nondet2 line: 34 position: 16
; c line: 35 position: 15
; c line: 39 position: 16
; c line: 45 position: 12
; c line: 46 position: 17
